2023-09-26 17:35:37,514 [Worker-2: Loading available Gradle versions] INFO  o.e.b.c.i.u.g.PublishedGradleVersions - Gradle version information cache is up-to-date. Trying to read.
2023-09-26 17:37:23,738 [Worker-3: Loading available Gradle versions] INFO  o.e.b.c.i.u.g.PublishedGradleVersions - Gradle version information cache is up-to-date. Trying to read.
2023-09-28 14:15:01,359 [Worker-6: Loading available Gradle versions] INFO  o.e.b.c.i.u.g.PublishedGradleVersions - Gradle version information cache is out-of-date. Trying to update.
2023-10-19 18:27:52,777 [Worker-2: Loading available Gradle versions] INFO  o.e.b.c.i.u.g.PublishedGradleVersions - Gradle version information cache is out-of-date. Trying to update.
2023-10-28 15:39:59,768 [ModalContext] INFO  o.e.m.c.i.e.AbstractTransferListenerAdapter - Downloading https://repo.maven.apache.org/maven2/org/apache/maven/archetypes/maven-archetype-quickstart/1.4/maven-archetype-quickstart-1.4.pom
2023-10-28 15:40:00,052 [ModalContext] INFO  o.e.m.c.i.e.AbstractTransferListenerAdapter - Downloaded https://repo.maven.apache.org/maven2/org/apache/maven/archetypes/maven-archetype-quickstart/1.4/maven-archetype-quickstart-1.4.pom
2023-10-28 15:40:00,220 [ModalContext] INFO  o.e.m.c.i.e.AbstractTransferListenerAdapter - Downloading https://repo.maven.apache.org/maven2/org/apache/maven/archetypes/maven-archetype-bundles/1.4/maven-archetype-bundles-1.4.pom
2023-10-28 15:40:00,405 [ModalContext] INFO  o.e.m.c.i.e.AbstractTransferListenerAdapter - Downloaded https://repo.maven.apache.org/maven2/org/apache/maven/archetypes/maven-archetype-bundles/1.4/maven-archetype-bundles-1.4.pom
2023-10-28 15:40:00,525 [ModalContext] INFO  o.e.m.c.i.e.AbstractTransferListenerAdapter - Downloading https://repo.maven.apache.org/maven2/org/apache/maven/maven-parent/33/maven-parent-33.pom
2023-10-28 15:40:00,784 [ModalContext] INFO  o.e.m.c.i.e.AbstractTransferListenerAdapter - Downloaded https://repo.maven.apache.org/maven2/org/apache/maven/maven-parent/33/maven-parent-33.pom
2023-10-28 15:40:00,901 [ModalContext] INFO  o.e.m.c.i.e.AbstractTransferListenerAdapter - Downloading https://repo.maven.apache.org/maven2/org/apache/apache/21/apache-21.pom
2023-10-28 15:40:01,060 [ModalContext] INFO  o.e.m.c.i.e.AbstractTransferListenerAdapter - Downloaded https://repo.maven.apache.org/maven2/org/apache/apache/21/apache-21.pom
2023-10-28 15:40:01,191 [ModalContext] INFO  o.e.m.c.i.e.AbstractTransferListenerAdapter - Downloading https://repo.maven.apache.org/maven2/org/apache/maven/archetypes/maven-archetype-quickstart/1.4/maven-archetype-quickstart-1.4.jar
2023-10-28 15:40:01,447 [ModalContext] INFO  o.e.m.c.i.e.AbstractTransferListenerAdapter - Downloaded https://repo.maven.apache.org/maven2/org/apache/maven/archetypes/maven-archetype-quickstart/1.4/maven-archetype-quickstart-1.4.jar
2023-10-28 15:40:56,601 [Worker-519: Launching mavenrun-794cf9af-0e9c-471d-abc6-2779f5a28626] INFO  o.eclipse.m2e.core.internal.Bundles - getClasspathEntries(Bundle=org.eclipse.m2e.maven.runtime_3.9.400.20230826-0755 [621])
2023-10-28 15:40:56,603 [Worker-519: Launching mavenrun-794cf9af-0e9c-471d-abc6-2779f5a28626] INFO  o.eclipse.m2e.core.internal.Bundles - 	Entry: C:\Users\USUARIO\.p2\pool\plugins\org.eclipse.m2e.maven.runtime_3.9.400.20230826-0755
2023-10-28 15:40:56,604 [Worker-519: Launching mavenrun-794cf9af-0e9c-471d-abc6-2779f5a28626] INFO  o.eclipse.m2e.core.internal.Bundles - 	Entry: C:\Users\USUARIO\.p2\pool\plugins\org.eclipse.m2e.maven.runtime_3.9.400.20230826-0755\jars\aether-connector-okhttp-0.17.8.jar
2023-10-28 15:40:56,604 [Worker-519: Launching mavenrun-794cf9af-0e9c-471d-abc6-2779f5a28626] INFO  o.eclipse.m2e.core.internal.Bundles - 	Entry: C:\Users\USUARIO\.p2\pool\plugins\org.eclipse.m2e.maven.runtime_3.9.400.20230826-0755\jars\aopalliance-1.0.jar
2023-10-28 15:40:56,604 [Worker-519: Launching mavenrun-794cf9af-0e9c-471d-abc6-2779f5a28626] INFO  o.eclipse.m2e.core.internal.Bundles - 	Entry: C:\Users\USUARIO\.p2\pool\plugins\org.eclipse.m2e.maven.runtime_3.9.400.20230826-0755\jars\commons-lang3-3.12.0.jar
2023-10-28 15:40:56,605 [Worker-519: Launching mavenrun-794cf9af-0e9c-471d-abc6-2779f5a28626] INFO  o.eclipse.m2e.core.internal.Bundles - 	Entry: C:\Users\USUARIO\.p2\pool\plugins\org.eclipse.m2e.maven.runtime_3.9.400.20230826-0755\jars\guice-5.1.0.jar
2023-10-28 15:40:56,605 [Worker-519: Launching mavenrun-794cf9af-0e9c-471d-abc6-2779f5a28626] INFO  o.eclipse.m2e.core.internal.Bundles - 	Entry: C:\Users\USUARIO\.p2\pool\plugins\org.eclipse.m2e.maven.runtime_3.9.400.20230826-0755\jars\jansi-2.4.0.jar
2023-10-28 15:40:56,605 [Worker-519: Launching mavenrun-794cf9af-0e9c-471d-abc6-2779f5a28626] INFO  o.eclipse.m2e.core.internal.Bundles - 	Entry: C:\Users\USUARIO\.p2\pool\plugins\org.eclipse.m2e.maven.runtime_3.9.400.20230826-0755\jars\maven-artifact-3.9.4.jar
2023-10-28 15:40:56,605 [Worker-519: Launching mavenrun-794cf9af-0e9c-471d-abc6-2779f5a28626] INFO  o.eclipse.m2e.core.internal.Bundles - 	Entry: C:\Users\USUARIO\.p2\pool\plugins\org.eclipse.m2e.maven.runtime_3.9.400.20230826-0755\jars\maven-builder-support-3.9.4.jar
2023-10-28 15:40:56,606 [Worker-519: Launching mavenrun-794cf9af-0e9c-471d-abc6-2779f5a28626] INFO  o.eclipse.m2e.core.internal.Bundles - 	Entry: C:\Users\USUARIO\.p2\pool\plugins\org.eclipse.m2e.maven.runtime_3.9.400.20230826-0755\jars\maven-compat-3.9.4.jar
2023-10-28 15:40:56,606 [Worker-519: Launching mavenrun-794cf9af-0e9c-471d-abc6-2779f5a28626] INFO  o.eclipse.m2e.core.internal.Bundles - 	Entry: C:\Users\USUARIO\.p2\pool\plugins\org.eclipse.m2e.maven.runtime_3.9.400.20230826-0755\jars\maven-core-3.9.4.jar
2023-10-28 15:40:56,606 [Worker-519: Launching mavenrun-794cf9af-0e9c-471d-abc6-2779f5a28626] INFO  o.eclipse.m2e.core.internal.Bundles - 	Entry: C:\Users\USUARIO\.p2\pool\plugins\org.eclipse.m2e.maven.runtime_3.9.400.20230826-0755\jars\maven-embedder-3.9.4.jar
2023-10-28 15:40:56,606 [Worker-519: Launching mavenrun-794cf9af-0e9c-471d-abc6-2779f5a28626] INFO  o.eclipse.m2e.core.internal.Bundles - 	Entry: C:\Users\USUARIO\.p2\pool\plugins\org.eclipse.m2e.maven.runtime_3.9.400.20230826-0755\jars\maven-model-3.9.4.jar
2023-10-28 15:40:56,606 [Worker-519: Launching mavenrun-794cf9af-0e9c-471d-abc6-2779f5a28626] INFO  o.eclipse.m2e.core.internal.Bundles - 	Entry: C:\Users\USUARIO\.p2\pool\plugins\org.eclipse.m2e.maven.runtime_3.9.400.20230826-0755\jars\maven-model-builder-3.9.4.jar
2023-10-28 15:40:56,607 [Worker-519: Launching mavenrun-794cf9af-0e9c-471d-abc6-2779f5a28626] INFO  o.eclipse.m2e.core.internal.Bundles - 	Entry: C:\Users\USUARIO\.p2\pool\plugins\org.eclipse.m2e.maven.runtime_3.9.400.20230826-0755\jars\maven-plugin-api-3.9.4.jar
2023-10-28 15:40:56,607 [Worker-519: Launching mavenrun-794cf9af-0e9c-471d-abc6-2779f5a28626] INFO  o.eclipse.m2e.core.internal.Bundles - 	Entry: C:\Users\USUARIO\.p2\pool\plugins\org.eclipse.m2e.maven.runtime_3.9.400.20230826-0755\jars\maven-repository-metadata-3.9.4.jar
2023-10-28 15:40:56,608 [Worker-519: Launching mavenrun-794cf9af-0e9c-471d-abc6-2779f5a28626] INFO  o.eclipse.m2e.core.internal.Bundles - 	Entry: C:\Users\USUARIO\.p2\pool\plugins\org.eclipse.m2e.maven.runtime_3.9.400.20230826-0755\jars\maven-resolver-api-1.9.14.jar
2023-10-28 15:40:56,608 [Worker-519: Launching mavenrun-794cf9af-0e9c-471d-abc6-2779f5a28626] INFO  o.eclipse.m2e.core.internal.Bundles - 	Entry: C:\Users\USUARIO\.p2\pool\plugins\org.eclipse.m2e.maven.runtime_3.9.400.20230826-0755\jars\maven-resolver-connector-basic-1.9.14.jar
2023-10-28 15:40:56,608 [Worker-519: Launching mavenrun-794cf9af-0e9c-471d-abc6-2779f5a28626] INFO  o.eclipse.m2e.core.internal.Bundles - 	Entry: C:\Users\USUARIO\.p2\pool\plugins\org.eclipse.m2e.maven.runtime_3.9.400.20230826-0755\jars\maven-resolver-impl-1.9.14.jar
2023-10-28 15:40:56,608 [Worker-519: Launching mavenrun-794cf9af-0e9c-471d-abc6-2779f5a28626] INFO  o.eclipse.m2e.core.internal.Bundles - 	Entry: C:\Users\USUARIO\.p2\pool\plugins\org.eclipse.m2e.maven.runtime_3.9.400.20230826-0755\jars\maven-resolver-named-locks-1.9.14.jar
2023-10-28 15:40:56,608 [Worker-519: Launching mavenrun-794cf9af-0e9c-471d-abc6-2779f5a28626] INFO  o.eclipse.m2e.core.internal.Bundles - 	Entry: C:\Users\USUARIO\.p2\pool\plugins\org.eclipse.m2e.maven.runtime_3.9.400.20230826-0755\jars\maven-resolver-provider-3.9.4.jar
2023-10-28 15:40:56,610 [Worker-519: Launching mavenrun-794cf9af-0e9c-471d-abc6-2779f5a28626] INFO  o.eclipse.m2e.core.internal.Bundles - 	Entry: C:\Users\USUARIO\.p2\pool\plugins\org.eclipse.m2e.maven.runtime_3.9.400.20230826-0755\jars\maven-resolver-spi-1.9.14.jar
2023-10-28 15:40:56,610 [Worker-519: Launching mavenrun-794cf9af-0e9c-471d-abc6-2779f5a28626] INFO  o.eclipse.m2e.core.internal.Bundles - 	Entry: C:\Users\USUARIO\.p2\pool\plugins\org.eclipse.m2e.maven.runtime_3.9.400.20230826-0755\jars\maven-resolver-transport-wagon-1.9.14.jar
2023-10-28 15:40:56,611 [Worker-519: Launching mavenrun-794cf9af-0e9c-471d-abc6-2779f5a28626] INFO  o.eclipse.m2e.core.internal.Bundles - 	Entry: C:\Users\USUARIO\.p2\pool\plugins\org.eclipse.m2e.maven.runtime_3.9.400.20230826-0755\jars\maven-resolver-util-1.9.14.jar
2023-10-28 15:40:56,611 [Worker-519: Launching mavenrun-794cf9af-0e9c-471d-abc6-2779f5a28626] INFO  o.eclipse.m2e.core.internal.Bundles - 	Entry: C:\Users\USUARIO\.p2\pool\plugins\org.eclipse.m2e.maven.runtime_3.9.400.20230826-0755\jars\maven-settings-3.9.4.jar
2023-10-28 15:40:56,611 [Worker-519: Launching mavenrun-794cf9af-0e9c-471d-abc6-2779f5a28626] INFO  o.eclipse.m2e.core.internal.Bundles - 	Entry: C:\Users\USUARIO\.p2\pool\plugins\org.eclipse.m2e.maven.runtime_3.9.400.20230826-0755\jars\maven-settings-builder-3.9.4.jar
2023-10-28 15:40:56,611 [Worker-519: Launching mavenrun-794cf9af-0e9c-471d-abc6-2779f5a28626] INFO  o.eclipse.m2e.core.internal.Bundles - 	Entry: C:\Users\USUARIO\.p2\pool\plugins\org.eclipse.m2e.maven.runtime_3.9.400.20230826-0755\jars\maven-shared-utils-3.3.4.jar
2023-10-28 15:40:56,611 [Worker-519: Launching mavenrun-794cf9af-0e9c-471d-abc6-2779f5a28626] INFO  o.eclipse.m2e.core.internal.Bundles - 	Entry: C:\Users\USUARIO\.p2\pool\plugins\org.eclipse.m2e.maven.runtime_3.9.400.20230826-0755\jars\okhttp-3.14.1.jar
2023-10-28 15:40:56,612 [Worker-519: Launching mavenrun-794cf9af-0e9c-471d-abc6-2779f5a28626] INFO  o.eclipse.m2e.core.internal.Bundles - 	Entry: C:\Users\USUARIO\.p2\pool\plugins\org.eclipse.m2e.maven.runtime_3.9.400.20230826-0755\jars\okio-1.17.3.jar
2023-10-28 15:40:56,612 [Worker-519: Launching mavenrun-794cf9af-0e9c-471d-abc6-2779f5a28626] INFO  o.eclipse.m2e.core.internal.Bundles - 	Entry: C:\Users\USUARIO\.p2\pool\plugins\org.eclipse.m2e.maven.runtime_3.9.400.20230826-0755\jars\org.eclipse.sisu.inject-0.3.5.jar
2023-10-28 15:40:56,612 [Worker-519: Launching mavenrun-794cf9af-0e9c-471d-abc6-2779f5a28626] INFO  o.eclipse.m2e.core.internal.Bundles - 	Entry: C:\Users\USUARIO\.p2\pool\plugins\org.eclipse.m2e.maven.runtime_3.9.400.20230826-0755\jars\org.eclipse.sisu.plexus-0.3.5.jar
2023-10-28 15:40:56,613 [Worker-519: Launching mavenrun-794cf9af-0e9c-471d-abc6-2779f5a28626] INFO  o.eclipse.m2e.core.internal.Bundles - 	Entry: C:\Users\USUARIO\.p2\pool\plugins\org.eclipse.m2e.maven.runtime_3.9.400.20230826-0755\jars\plexus-build-api-0.0.7.jar
2023-10-28 15:40:56,613 [Worker-519: Launching mavenrun-794cf9af-0e9c-471d-abc6-2779f5a28626] INFO  o.eclipse.m2e.core.internal.Bundles - 	Entry: C:\Users\USUARIO\.p2\pool\plugins\org.eclipse.m2e.maven.runtime_3.9.400.20230826-0755\jars\plexus-cipher-2.0.jar
2023-10-28 15:40:56,613 [Worker-519: Launching mavenrun-794cf9af-0e9c-471d-abc6-2779f5a28626] INFO  o.eclipse.m2e.core.internal.Bundles - 	Entry: C:\Users\USUARIO\.p2\pool\plugins\org.eclipse.m2e.maven.runtime_3.9.400.20230826-0755\jars\plexus-classworlds-2.7.0.jar
2023-10-28 15:40:56,614 [Worker-519: Launching mavenrun-794cf9af-0e9c-471d-abc6-2779f5a28626] INFO  o.eclipse.m2e.core.internal.Bundles - 	Entry: C:\Users\USUARIO\.p2\pool\plugins\org.eclipse.m2e.maven.runtime_3.9.400.20230826-0755\jars\plexus-component-annotations-2.1.0.jar
2023-10-28 15:40:56,614 [Worker-519: Launching mavenrun-794cf9af-0e9c-471d-abc6-2779f5a28626] INFO  o.eclipse.m2e.core.internal.Bundles - 	Entry: C:\Users\USUARIO\.p2\pool\plugins\org.eclipse.m2e.maven.runtime_3.9.400.20230826-0755\jars\plexus-interpolation-1.26.jar
2023-10-28 15:40:56,614 [Worker-519: Launching mavenrun-794cf9af-0e9c-471d-abc6-2779f5a28626] INFO  o.eclipse.m2e.core.internal.Bundles - 	Entry: C:\Users\USUARIO\.p2\pool\plugins\org.eclipse.m2e.maven.runtime_3.9.400.20230826-0755\jars\plexus-sec-dispatcher-2.0.jar
2023-10-28 15:40:56,614 [Worker-519: Launching mavenrun-794cf9af-0e9c-471d-abc6-2779f5a28626] INFO  o.eclipse.m2e.core.internal.Bundles - 	Entry: C:\Users\USUARIO\.p2\pool\plugins\org.eclipse.m2e.maven.runtime_3.9.400.20230826-0755\jars\plexus-utils-3.5.1.jar
2023-10-28 15:40:56,614 [Worker-519: Launching mavenrun-794cf9af-0e9c-471d-abc6-2779f5a28626] INFO  o.eclipse.m2e.core.internal.Bundles - 	Entry: C:\Users\USUARIO\.p2\pool\plugins\org.eclipse.m2e.maven.runtime_3.9.400.20230826-0755\jars\wagon-file-3.5.3.jar
2023-10-28 15:40:56,615 [Worker-519: Launching mavenrun-794cf9af-0e9c-471d-abc6-2779f5a28626] INFO  o.eclipse.m2e.core.internal.Bundles - 	Entry: C:\Users\USUARIO\.p2\pool\plugins\org.eclipse.m2e.maven.runtime_3.9.400.20230826-0755\jars\wagon-provider-api-3.5.3.jar
2023-10-28 15:40:56,616 [Worker-519: Launching mavenrun-794cf9af-0e9c-471d-abc6-2779f5a28626] INFO  o.eclipse.m2e.core.internal.Bundles - getClasspathEntries(Bundle=com.google.guava_32.1.2.jre [12])
2023-10-28 15:40:56,616 [Worker-519: Launching mavenrun-794cf9af-0e9c-471d-abc6-2779f5a28626] INFO  o.eclipse.m2e.core.internal.Bundles - 	Entry: C:\Users\USUARIO\.p2\pool\plugins\com.google.guava_32.1.2.jre.jar
2023-10-28 15:40:56,617 [Worker-519: Launching mavenrun-794cf9af-0e9c-471d-abc6-2779f5a28626] INFO  o.eclipse.m2e.core.internal.Bundles - getClasspathEntries(Bundle=slf4j.api_2.0.7 [982])
2023-10-28 15:40:56,617 [Worker-519: Launching mavenrun-794cf9af-0e9c-471d-abc6-2779f5a28626] INFO  o.eclipse.m2e.core.internal.Bundles - 	Entry: C:\Users\USUARIO\.p2\pool\plugins\slf4j.api_2.0.7.jar
2023-10-28 15:40:56,617 [Worker-519: Launching mavenrun-794cf9af-0e9c-471d-abc6-2779f5a28626] INFO  o.eclipse.m2e.core.internal.Bundles - getClasspathEntries(Bundle=javax.inject_1.0.0.v20220405-0441 [38])
2023-10-28 15:40:56,618 [Worker-519: Launching mavenrun-794cf9af-0e9c-471d-abc6-2779f5a28626] INFO  o.eclipse.m2e.core.internal.Bundles - 	Entry: C:\Users\USUARIO\.p2\pool\plugins\javax.inject_1.0.0.v20220405-0441.jar
2023-10-28 15:40:56,618 [Worker-519: Launching mavenrun-794cf9af-0e9c-471d-abc6-2779f5a28626] INFO  o.eclipse.m2e.core.internal.Bundles - getClasspathEntries(Bundle=javax.annotation_1.3.5.v20200909-1856 [36])
2023-10-28 15:40:56,618 [Worker-519: Launching mavenrun-794cf9af-0e9c-471d-abc6-2779f5a28626] INFO  o.eclipse.m2e.core.internal.Bundles - 	Entry: C:\Users\USUARIO\.p2\pool\plugins\javax.annotation_1.3.5.v20200909-1856.jar
2023-10-28 15:40:56,618 [Worker-519: Launching mavenrun-794cf9af-0e9c-471d-abc6-2779f5a28626] INFO  o.eclipse.m2e.core.internal.Bundles - getClasspathEntries(Bundle=org.apache.commons.cli_1.5.0 [73])
2023-10-28 15:40:56,618 [Worker-519: Launching mavenrun-794cf9af-0e9c-471d-abc6-2779f5a28626] INFO  o.eclipse.m2e.core.internal.Bundles - 	Entry: C:\Users\USUARIO\.p2\pool\plugins\org.apache.commons.cli_1.5.0.jar
2023-10-28 15:40:56,620 [Worker-519: Launching mavenrun-794cf9af-0e9c-471d-abc6-2779f5a28626] INFO  o.eclipse.m2e.core.internal.Bundles - getClasspathEntries(Bundle=com.google.guava.failureaccess_1.0.1 [14])
2023-10-28 15:40:56,620 [Worker-519: Launching mavenrun-794cf9af-0e9c-471d-abc6-2779f5a28626] INFO  o.eclipse.m2e.core.internal.Bundles - 	Entry: C:\Users\USUARIO\.p2\pool\plugins\com.google.guava.failureaccess_1.0.1.jar
2023-10-28 15:40:56,625 [Worker-519: Launching mavenrun-794cf9af-0e9c-471d-abc6-2779f5a28626] INFO  o.e.m.i.launch.MavenLaunchDelegate - Run build in "C:\Users\USUARIO\AppData\Local\Temp\m2e-archetypeGenerator8654725670667816816":
2023-10-28 15:40:56,626 [Worker-519: Launching mavenrun-794cf9af-0e9c-471d-abc6-2779f5a28626] INFO  o.e.m.i.launch.MavenLaunchDelegate -  mvn  -DarchetypeGroupId=org.apache.maven.archetypes -DarchetypeArtifactId=maven-archetype-quickstart -DarchetypeVersion=1.4 -DgroupId=com.krakedev -DartifactId=demo -Dversion=0.0.1 -Dpackage=com.krakedev.demo -DoutputDirectory=C:\Users\USUARIO\Desktop\Programacion_Edison\java -Dstyle.color=always -U archetype:generate
2023-10-28 15:45:34,241 [Worker-506: Creating maven-archetype-quickstart] INFO  o.e.m.c.i.p.ProjectConfigurationManager - Collecting project info '/pom.xml' C:\Users\USUARIO\Desktop\Programacion_Edison\java\Demo\pom.xml
